C51 COMPILER V9.54   MAIN                                                                  05/24/2023 00:39:36 PAGE 1   


C51 COMPILER V9.54, COMPILATION OF MODULE MAIN
OBJECT MODULE PLACED IN .\Objects\main.obj
COMPILER INVOKED BY: D:\software\KeilC51\C51\BIN\C51.EXE main.c OPTIMIZE(8,SPEED) BROWSE DEBUG OBJECTEXTEND PRINT(.\List
                    -ings\main.lst) TABS(2) OBJECT(.\Objects\main.obj)

line level    source

   1          #include <REGX52.H>
   2          
   3          void Delay(unsigned int xms)    //@12.000MHz
   4          {
   5   1        unsigned char i, j;
   6   1        while(xms--)
   7   1        {
   8   2          i = 2;
   9   2          j = 239;
  10   2          do
  11   2          {
  12   3            while (--j);
  13   3          } while (--i);
  14   2        }
  15   1      }
  16          
  17          void main()
  18          {
  19   1        while(1)
  20   1        {
  21   2          if(P3_1==0)
  22   2          {
  23   3            Delay(20);
  24   3            while(P3_1==0);
  25   3            Delay(20);
  26   3            while(1)
  27   3            {
  28   4              P2=0xFE;//1111 1110
  29   4              Delay(1000);
  30   4              P2=0xFD;//1111 1101
  31   4              Delay(1000);
  32   4              P2=0xFB;//1111 1011
  33   4              Delay(1000);
  34   4              P2=0xF7;//1111 0111
  35   4              Delay(1000);
  36   4              P2=0XEF;//1110 1111
  37   4              Delay(1000);
  38   4              P2=0xDF;//1101 1111
  39   4              Delay(1000);
  40   4              P2=0xBF;//1011 1111
  41   4              Delay(1000);
  42   4              P2=0x7F;//0111 1111
  43   4              Delay(1000);
  44   4            }
  45   3          }
  46   2          if(P3_0==0)
  47   2          {
  48   3            Delay(20);
  49   3            while(P3_0==0);
  50   3            Delay(20);
  51   3            while(1)
  52   3            {
  53   4              P2=0xFE;//1111 1110
  54   4              Delay(500);
C51 COMPILER V9.54   MAIN                                                                  05/24/2023 00:39:36 PAGE 2   

  55   4              P2=0xFD;//1111 1101
  56   4              Delay(500);
  57   4              P2=0xFB;//1111 1011
  58   4              Delay(500);
  59   4              P2=0xF7;//1111 0111
  60   4              Delay(500);
  61   4              P2=0XEF;//1110 1111
  62   4              Delay(500);
  63   4              P2=0xDF;//1101 1111
  64   4              Delay(500);
  65   4              P2=0xBF;//1011 1111
  66   4              Delay(500);
  67   4              P2=0x7F;//0111 1111
  68   4              Delay(500);
  69   4            }
  70   3          }
  71   2          if(P3_2==0)
  72   2          {
  73   3            Delay(20);
  74   3            while(P3_2==0);
  75   3            Delay(20);
  76   3            while(1)
  77   3            {
  78   4              P2=0xFE;//1111 1110
  79   4              Delay(250);
  80   4              P2=0xFD;//1111 1101
  81   4              Delay(250);
  82   4              P2=0xFB;//1111 1011
  83   4              Delay(250);
  84   4              P2=0xF7;//1111 0111
  85   4              Delay(250);
  86   4              P2=0XEF;//1110 1111
  87   4              Delay(250);
  88   4              P2=0xDF;//1101 1111
  89   4              Delay(250);
  90   4              P2=0xBF;//1011 1111
  91   4              Delay(250);
  92   4              P2=0x7F;//0111 1111
  93   4              Delay(250);
  94   4            }
  95   3          }
  96   2          if(P3_3==0)
  97   2          {
  98   3            Delay(20);
  99   3            while(P3_3==0);
 100   3            Delay(20);
 101   3            while(1)
 102   3            {
 103   4              P2=0xFE;//1111 1110
 104   4              Delay(100);
 105   4              P2=0xFD;//1111 1101
 106   4              Delay(100);
 107   4              P2=0xFB;//1111 1011
 108   4              Delay(100);
 109   4              P2=0xF7;//1111 0111
 110   4              Delay(100);
 111   4              P2=0XEF;//1110 1111
 112   4              Delay(100);
 113   4              P2=0xDF;//1101 1111
 114   4              Delay(100);
 115   4              P2=0xBF;//1011 1111
 116   4              Delay(100);
C51 COMPILER V9.54   MAIN                                                                  05/24/2023 00:39:36 PAGE 3   

 117   4              P2=0x7F;//0111 1111
 118   4              Delay(100);
 119   4            }
 120   3          }
 121   2        }
 122   1      }


MODULE INFORMATION:   STATIC OVERLAYABLE
   CODE SIZE        =    404    ----
   CONSTANT SIZE    =   ----    ----
   XDATA SIZE       =   ----    ----
   PDATA SIZE       =   ----    ----
   DATA SIZE        =   ----    ----
   IDATA SIZE       =   ----    ----
   BIT SIZE         =   ----    ----
END OF MODULE INFORMATION.


C51 COMPILATION COMPLETE.  0 WARNING(S),  0 ERROR(S)
