C51 COMPILER V9.54   MAIN                                                                  05/28/2023 18:15:16 PAGE 1   


C51 COMPILER V9.54, COMPILATION OF MODULE MAIN
OBJECT MODULE PLACED IN .\Objects\main.obj
COMPILER INVOKED BY: D:\software\KeilC51\C51\BIN\C51.EXE main.c OPTIMIZE(8,SPEED) BROWSE DEBUG OBJECTEXTEND PRINT(.\List
                    -ings\main.lst) TABS(2) OBJECT(.\Objects\main.obj)

line level    source

   1          #include <REGX52.H>
   2          #include "Delay.h"
   3          #include "LCD1602.h"
   4          #include "MatrixKey.h"
   5          #include "Changenum.h"
   6          
   7          unsigned char KeyNum,Finalkey;
   8          unsigned int Password,Count;
   9          
  10          void main()
  11          {
  12   1        LCD_Init();
  13   1        LCD_ShowString(1,1,"Password:");
  14   1        while(1)
  15   1        {
  16   2          KeyNum=MatrixKey();
  17   2          Finalkey=changenum(KeyNum);
  18   2          if(Finalkey)
  19   2          {
  20   3            if(Finalkey<=10)  //按键按下，输入密码
  21   3            {
  22   4              if(Count<4) //如果输入次数小于4
  23   4              {
  24   5                Password*=10;       //密码左移一位
  25   5                Password+=Finalkey%10;    //获取一位密码
  26   5                Count++;  //计次加一
  27   5              }
  28   4              LCD_ShowNum(2,1,Password,4);  //更新显示
  29   4            }
  30   3            if(Finalkey==12)  //确认
  31   3            {
  32   4              if(Password==1234)  //如果密码等于正确密码
  33   4              {
  34   5                LCD_ShowString(1,14,"OK "); //显示OK
  35   5                Password=0;   //密码清零
  36   5                Count=0;    //计次清零
  37   5                LCD_ShowNum(2,1,Password,4);  //更新显示
  38   5              }
  39   4              else        //否则
  40   4              {
  41   5                LCD_ShowString(1,14,"ERR"); //显示ERR
  42   5                Password=0;   //密码清零
  43   5                Count=0;    //计次清零
  44   5                LCD_ShowNum(2,1,Password,4);  //更新显示
  45   5              }
  46   4            }
  47   3            if(Finalkey==11)  //按键按下，取消
  48   3            {
  49   4              Password=0;   //密码清零
  50   4              Count=0;    //计次清零
  51   4              LCD_ShowNum(2,1,Password,4);  //更新显示
  52   4            }
  53   3          }
  54   2        }
C51 COMPILER V9.54   MAIN                                                                  05/28/2023 18:15:16 PAGE 2   

  55   1      }


MODULE INFORMATION:   STATIC OVERLAYABLE
   CODE SIZE        =    194    ----
   CONSTANT SIZE    =     18    ----
   XDATA SIZE       =   ----    ----
   PDATA SIZE       =   ----    ----
   DATA SIZE        =      6    ----
   IDATA SIZE       =   ----    ----
   BIT SIZE         =   ----    ----
END OF MODULE INFORMATION.


C51 COMPILATION COMPLETE.  0 WARNING(S),  0 ERROR(S)
