C51 COMPILER V9.54   MATRIXKEY                                                             05/28/2023 18:52:57 PAGE 1   


C51 COMPILER V9.54, COMPILATION OF MODULE MATRIXKEY
OBJECT MODULE PLACED IN .\Objects\MatrixKey.obj
COMPILER INVOKED BY: D:\software\KeilC51\C51\BIN\C51.EXE MatrixKey.c OPTIMIZE(8,SPEED) BROWSE DEBUG OBJECTEXTEND PRINT(.
                    -\Listings\MatrixKey.lst) TABS(2) OBJECT(.\Objects\MatrixKey.obj)

line level    source

   1           /* @brief  çŸ©é˜µé”®ç›˜è¯»å–æŒ‰é”®é”®ç 
   2            * @param  æ— 
   3            * @retval KeyNumber æŒ‰ä¸‹æŒ‰é”®çš„é”®ç å€¼
   4                å¦‚æœæŒ‰é”®æŒ‰ä¸‹ä¸æ”¾ï¼Œç¨‹åºä¼šåœç•™åœ¨æ­¤å‡½æ•°ï¼Œæ¾æ‰‹çš„ä¸€ç¬é—´ï¼Œè¿”å›æŒ‰é”®é”®ç ï¼Œæ²¡æ
             -œ‰æŒ‰é”®æŒ‰ä¸‹æ—¶ï¼Œè¿”å›0
   5            */
   6           #include <REGX52.H>
   7           #include "Delay.h"
   8          unsigned char MatrixKey()
   9          {
  10   1        unsigned char KeyNumber=0;
  11   1        
  12   1        P1=0xFF;
  13   1        P1_3=0;
  14   1        if(P1_7==0){Delay(20);while(P1_7==0);Delay(20);KeyNumber=1;}
  15   1        if(P1_6==0){Delay(20);while(P1_6==0);Delay(20);KeyNumber=5;}
  16   1        if(P1_5==0){Delay(20);while(P1_5==0);Delay(20);KeyNumber=9;}
  17   1        if(P1_4==0){Delay(20);while(P1_4==0);Delay(20);KeyNumber=13;}
  18   1        
  19   1        P1=0xFF;
  20   1        P1_2=0;
  21   1        if(P1_7==0){Delay(20);while(P1_7==0);Delay(20);KeyNumber=2;}
  22   1        if(P1_6==0){Delay(20);while(P1_6==0);Delay(20);KeyNumber=6;}
  23   1        if(P1_5==0){Delay(20);while(P1_5==0);Delay(20);KeyNumber=10;}
  24   1        if(P1_4==0){Delay(20);while(P1_4==0);Delay(20);KeyNumber=14;}
  25   1        
  26   1        P1=0xFF;
  27   1        P1_1=0;
  28   1        if(P1_7==0){Delay(20);while(P1_7==0);Delay(20);KeyNumber=3;}
  29   1        if(P1_6==0){Delay(20);while(P1_6==0);Delay(20);KeyNumber=7;}
  30   1        if(P1_5==0){Delay(20);while(P1_5==0);Delay(20);KeyNumber=11;}
  31   1        if(P1_4==0){Delay(20);while(P1_4==0);Delay(20);KeyNumber=15;}
  32   1        
  33   1        P1=0xFF;
  34   1        P1_0=0;
  35   1        if(P1_7==0){Delay(20);while(P1_7==0);Delay(20);KeyNumber=4;}
  36   1        if(P1_6==0){Delay(20);while(P1_6==0);Delay(20);KeyNumber=8;}
  37   1        if(P1_5==0){Delay(20);while(P1_5==0);Delay(20);KeyNumber=12;}
  38   1        if(P1_4==0){Delay(20);while(P1_4==0);Delay(20);KeyNumber=16;}
  39   1        
  40   1        return KeyNumber;
  41   1      }


MODULE INFORMATION:   STATIC OVERLAYABLE
   CODE SIZE        =    393    ----
   CONSTANT SIZE    =   ----    ----
   XDATA SIZE       =   ----    ----
   PDATA SIZE       =   ----    ----
   DATA SIZE        =   ----       1
   IDATA SIZE       =   ----    ----
   BIT SIZE         =   ----    ----
END OF MODULE INFORMATION.


C51 COMPILATION COMPLETE.  0 WARNING(S),  0 ERROR(S)
