C51 COMPILER V9.54   MAIN                                                                  05/26/2023 00:17:11 PAGE 1   


C51 COMPILER V9.54, COMPILATION OF MODULE MAIN
OBJECT MODULE PLACED IN .\Objects\main.obj
COMPILER INVOKED BY: D:\software\KeilC51\C51\BIN\C51.EXE main.c OPTIMIZE(8,SPEED) BROWSE DEBUG OBJECTEXTEND PRINT(.\List
                    -ings\main.lst) TABS(2) OBJECT(.\Objects\main.obj)

line level    source

   1          #include <REGX52.H>
   2          void Nixie(unsigned char Location,unsigned char Number);
   3          unsigned char Num[]={0x3F,0x06,0x5B,0x4F,0x66,0x6D,0x7D,0x07,0x7F,0x6F};
   4          
   5          void main()
   6          {
   7   1          Nixie(4,1);
   8   1          while(1);
   9   1      }
  10          
  11          
  12          void Nixie(unsigned char Location,unsigned char Number)
  13          {
  14   1          switch (Location)
  15   1          {
  16   2          case 1:
  17   2              P2_4=1;P2_3=1;P2_2=1;
  18   2              break;
  19   2          case 2:
  20   2              P2_4=1;P2_3=1;P2_2=0;
  21   2              break;
  22   2          case 3:
  23   2              P2_4=1;P2_3=0;P2_2=1;
  24   2              break;
  25   2          case 4:
  26   2              P2_4=1;P2_3=0;P2_2=0;
  27   2              break;
  28   2          case 5:
  29   2              P2_4=0;P2_3=1;P2_2=1;
  30   2              break;
  31   2          case 6:
  32   2              P2_4=0;P2_3=1;P2_2=0;
  33   2              break;
  34   2          case 7:
  35   2              P2_4=0;P2_3=0;P2_2=1;
  36   2              break;
  37   2          case 8:
  38   2              P2_4=0;P2_3=0;P2_2=0;
  39   2              break;
  40   2          }
  41   1          P0=Num[Number];
  42   1      }


MODULE INFORMATION:   STATIC OVERLAYABLE
   CODE SIZE        =    108    ----
   CONSTANT SIZE    =   ----    ----
   XDATA SIZE       =   ----    ----
   PDATA SIZE       =   ----    ----
   DATA SIZE        =     10    ----
   IDATA SIZE       =   ----    ----
   BIT SIZE         =   ----    ----
END OF MODULE INFORMATION.


C51 COMPILATION COMPLETE.  0 WARNING(S),  0 ERROR(S)
