C51 COMPILER V9.54   MARTRIXKEY                                                            05/28/2023 17:45:38 PAGE 1   


C51 COMPILER V9.54, COMPILATION OF MODULE MARTRIXKEY
OBJECT MODULE PLACED IN .\Objects\MartrixKey.obj
COMPILER INVOKED BY: D:\software\KeilC51\C51\BIN\C51.EXE MartrixKey.c OPTIMIZE(8,SPEED) BROWSE DEBUG OBJECTEXTEND PRINT(
                    -.\Listings\MartrixKey.lst) TABS(2) OBJECT(.\Objects\MartrixKey.obj)

line level    source

   1          #include <REGX52.H>
   2          #include "Delay.h"
   3          /**
   4            * @brief 矩阵键盘读取按键键码
   5            * @param 无
   6            * @retval KeyNumber 按下按键的键码值 
   7            */
   8          unsigned char MatrixKey()
   9          {
  10   1           unsigned char KeyNumber=0;
  11   1           //第一列开始扫描
  12   1           P1=0xFF;
  13   1           P1_3=0;
  14   1           if(P1_7==0)//S1
  15   1           {Delay(20);while(P1_7==0);Delay(20);KeyNumber=1;}
  16   1           if(P1_6==0)//S5
  17   1           {Delay(20);while(P1_6==0);Delay(20);KeyNumber=5;}
  18   1           if(P1_5==0)//S9
  19   1           {Delay(20);while(P1_5==0);Delay(20);KeyNumber=9;}
  20   1           if(P1_4==0)//S13
  21   1           {Delay(20);while(P1_7==0);Delay(20);KeyNumber=13;}
  22   1           //第二列开始扫描
  23   1      
  24   1           P1=0xFF;
  25   1           P1_2=0;
  26   1           if(P1_7==0)//S2
  27   1           {Delay(20);while(P1_7==0);Delay(20);KeyNumber=2;}
  28   1           if(P1_6==0)//S6
  29   1           {Delay(20);while(P1_6==0);Delay(20);KeyNumber=6;}
  30   1           if(P1_5==0)//S10
  31   1           {Delay(20);while(P1_5==0);Delay(20);KeyNumber=10;}
  32   1           if(P1_4==0)//S14
  33   1           {Delay(20);while(P1_7==0);Delay(20);KeyNumber=14;}
  34   1      
  35   1           //第三列开始扫描
  36   1           P1=0xFF;
  37   1           P1_1=0;
  38   1           if(P1_7==0)//S3
  39   1           {Delay(20);while(P1_7==0);Delay(20);KeyNumber=3;}
  40   1           if(P1_6==0)//S7
  41   1           {Delay(20);while(P1_6==0);Delay(20);KeyNumber=7;}
  42   1           if(P1_5==0)//S11
  43   1           {Delay(20);while(P1_5==0);Delay(20);KeyNumber=11;}
  44   1           if(P1_4==0)//S15
  45   1           {Delay(20);while(P1_7==0);Delay(20);KeyNumber=15;}
  46   1      
  47   1           //第四列开始扫描
  48   1           P1=0xFF;
  49   1           P1_0=0;
  50   1           if(P1_7==0)//S4
  51   1           {Delay(20);while(P1_7==0);Delay(20);KeyNumber=4;}
  52   1           if(P1_6==0)//S8
  53   1           {Delay(20);while(P1_6==0);Delay(20);KeyNumber=8;}
  54   1           if(P1_5==0)//S12
C51 COMPILER V9.54   MARTRIXKEY                                                            05/28/2023 17:45:38 PAGE 2   

  55   1           {Delay(20);while(P1_5==0);Delay(20);KeyNumber=12;}
  56   1           if(P1_4==0)//S16
  57   1           {Delay(20);while(P1_7==0);Delay(20);KeyNumber=16;}
  58   1      
  59   1           return KeyNumber;
  60   1      }


MODULE INFORMATION:   STATIC OVERLAYABLE
   CODE SIZE        =    393    ----
   CONSTANT SIZE    =   ----    ----
   XDATA SIZE       =   ----    ----
   PDATA SIZE       =   ----    ----
   DATA SIZE        =   ----       1
   IDATA SIZE       =   ----    ----
   BIT SIZE         =   ----    ----
END OF MODULE INFORMATION.


C51 COMPILATION COMPLETE.  0 WARNING(S),  0 ERROR(S)
