C51 COMPILER V9.54   MAIN                                                                  05/26/2023 16:46:50 PAGE 1   


C51 COMPILER V9.54, COMPILATION OF MODULE MAIN
OBJECT MODULE PLACED IN .\Objects\main.obj
COMPILER INVOKED BY: D:\software\KeilC51\C51\BIN\C51.EXE main.c OPTIMIZE(8,SPEED) BROWSE DEBUG OBJECTEXTEND PRINT(.\List
                    -ings\main.lst) TABS(2) OBJECT(.\Objects\main.obj)

line level    source

   1          #include <REGX52.H>
   2          void Nixie(unsigned char Location,unsigned char Number);
   3          void Delay(unsigned int xms);
   4          unsigned char Num[]={0x3F,0x06,0x5B,0x4F,0x66,0x6D,0x7D,0x07,0x7F,0x6F};
   5          
   6          void main()
   7          {
   8   1          while(1)
   9   1          {
  10   2              Nixie(1,1);
  11   2              Nixie(2,3);
  12   2              Nixie(3,1);
  13   2              Nixie(4,4);
  14   2          }
  15   1      }
  16          
  17          /*------------分界线------------*/
  18          
  19          void Delay(unsigned int xms)
  20          {
  21   1        unsigned char i, j;
  22   1          while(xms--)
  23   1          {
  24   2              i = 2;
  25   2              j = 239;
  26   2              do
  27   2              {
  28   3                  while (--j);
  29   3              } while (--i);
  30   2          }
  31   1      }
  32          
  33          
  34          void Nixie(unsigned char Location,unsigned char Number)
  35          {
  36   1          switch (Location)
  37   1          {
  38   2          case 1:
  39   2              P2_4=1;P2_3=1;P2_2=1;
  40   2              break;
  41   2          case 2:
  42   2              P2_4=1;P2_3=1;P2_2=0;
  43   2              break;
  44   2          case 3:
  45   2              P2_4=1;P2_3=0;P2_2=1;
  46   2              break;
  47   2          case 4:
  48   2              P2_4=1;P2_3=0;P2_2=0;
  49   2              break;
  50   2          case 5:
  51   2              P2_4=0;P2_3=1;P2_2=1;
  52   2              break;
  53   2          case 6:
  54   2              P2_4=0;P2_3=1;P2_2=0;
C51 COMPILER V9.54   MAIN                                                                  05/26/2023 16:46:50 PAGE 2   

  55   2              break;
  56   2          case 7:
  57   2              P2_4=0;P2_3=0;P2_2=1;
  58   2              break;
  59   2          case 8:
  60   2              P2_4=0;P2_3=0;P2_2=0;
  61   2              break;
  62   2          }
  63   1          P0=Num[Number];
  64   1          Delay(1);
  65   1      }


MODULE INFORMATION:   STATIC OVERLAYABLE
   CODE SIZE        =    156    ----
   CONSTANT SIZE    =   ----    ----
   XDATA SIZE       =   ----    ----
   PDATA SIZE       =   ----    ----
   DATA SIZE        =     10    ----
   IDATA SIZE       =   ----    ----
   BIT SIZE         =   ----    ----
END OF MODULE INFORMATION.


C51 COMPILATION COMPLETE.  0 WARNING(S),  0 ERROR(S)
