C51 COMPILER V9.60.7.0   UART                                                              07/12/2023 14:28:16 PAGE 1   


C51 COMPILER V9.60.7.0, COMPILATION OF MODULE UART
OBJECT MODULE PLACED IN .\Objects\UART.obj
COMPILER INVOKED BY: E:\software\Keil_v5\Keil_C51\C51\BIN\C51.EXE UART.c OPTIMIZE(8,SPEED) BROWSE DEBUG OBJECTEXTEND PRI
                    -NT(.\Listings\UART.lst) OBJECT(.\Objects\UART.obj)

line level    source

   1          #include <REGX52.H>
   2          
   3          /**
   4            * @brief  串口初始化，4800bps@12.000MHz
   5            * @param  无
   6            * @retval 无
   7            */
   8          void UART_Init()                //4800bps@12.000MHz
   9          {
  10   1              PCON |= 0x80;           //使能波特率倍速位SMOD
  11   1              SCON = 0x50;            //8位数据,可变波特率
  12   1              TMOD &= 0x0F;           //清除定时器1模式位
  13   1              TMOD |= 0x20;           //设定定时器1为8位自动重装方式
  14   1              TL1 = 0xF3;             //设定定时初值
  15   1              TH1 = 0xF3;             //设定定时器重装值
  16   1              ET1 = 0;                //禁止定时器1中断
  17   1              TR1 = 1;                //启动定时器1
  18   1              EA=1;
  19   1              ES=1;
  20   1      }
  21          
  22          
  23          
  24          /**
  25            * @brief  串口发送一个字节数据
  26            * @param  Byte 要发送的一个字节数据
  27            * @retval 无
  28            */
  29          
  30          void UART_SendByte(unsigned char Byte)
  31          {
  32   1              SBUF=Byte;
  33   1              while (TI==0);
  34   1              TI=0;
  35   1      }


MODULE INFORMATION:   STATIC OVERLAYABLE
   CODE SIZE        =     35    ----
   CONSTANT SIZE    =   ----    ----
   XDATA SIZE       =   ----    ----
   PDATA SIZE       =   ----    ----
   DATA SIZE        =   ----    ----
   IDATA SIZE       =   ----    ----
   BIT SIZE         =   ----    ----
END OF MODULE INFORMATION.


C51 COMPILATION COMPLETE.  0 WARNING(S),  0 ERROR(S)
