C51 COMPILER V9.54   MAIN                                                                  05/26/2023 12:40:29 PAGE 1   


C51 COMPILER V9.54, COMPILATION OF MODULE MAIN
OBJECT MODULE PLACED IN .\Objects\main.obj
COMPILER INVOKED BY: D:\software\KeilC51\C51\BIN\C51.EXE main.c OPTIMIZE(8,SPEED) BROWSE DEBUG OBJECTEXTEND PRINT(.\List
                    -ings\main.lst) TABS(2) OBJECT(.\Objects\main.obj)

line level    source

   1          #include <REGX52.H>
   2          void Nixie(unsigned char Location,unsigned char Number);
   3          void Delay(unsigned int xms);
   4          unsigned char Num[]={0x3F,0x06,0x5B,0x4F,0x66,0x6D,0x7D,0x07,0x7F,0x6F};
   5          
   6          void main()
   7          {
   8   1          while(1)
   9   1          {
  10   2              Nixie(1,1);
  11   2              Nixie(2,3);
  12   2              Nixie(3,1);
  13   2              Nixie(4,4);
  14   2      
  15   2          }
  16   1      }
  17          
  18          
  19          
  20          void Delay(unsigned int xms)
  21          {
  22   1        unsigned char i, j;
  23   1          while(xms--)
  24   1          {
  25   2              i = 2;
  26   2              j = 239;
  27   2              do
  28   2              {
  29   3                  while (--j);
  30   3              } while (--i);
  31   2          }
  32   1      }
  33          
  34          
  35          void Nixie(unsigned char Location,unsigned char Number)
  36          {
  37   1          switch (Location)
  38   1          {
  39   2          case 1:
  40   2              P2_4=1;P2_3=1;P2_2=1;
  41   2              break;
  42   2          case 2:
  43   2              P2_4=1;P2_3=1;P2_2=0;
  44   2              break;
  45   2          case 3:
  46   2              P2_4=1;P2_3=0;P2_2=1;
  47   2              break;
  48   2          case 4:
  49   2              P2_4=1;P2_3=0;P2_2=0;
  50   2              break;
  51   2          case 5:
  52   2              P2_4=0;P2_3=1;P2_2=1;
  53   2              break;
  54   2          case 6:
C51 COMPILER V9.54   MAIN                                                                  05/26/2023 12:40:29 PAGE 2   

  55   2              P2_4=0;P2_3=1;P2_2=0;
  56   2              break;
  57   2          case 7:
  58   2              P2_4=0;P2_3=0;P2_2=1;
  59   2              break;
  60   2          case 8:
  61   2              P2_4=0;P2_3=0;P2_2=0;
  62   2              break;
  63   2          }
  64   1          P0=Num[Number];
  65   1          Delay(1);
  66   1      }


MODULE INFORMATION:   STATIC OVERLAYABLE
   CODE SIZE        =    156    ----
   CONSTANT SIZE    =   ----    ----
   XDATA SIZE       =   ----    ----
   PDATA SIZE       =   ----    ----
   DATA SIZE        =     10    ----
   IDATA SIZE       =   ----    ----
   BIT SIZE         =   ----    ----
END OF MODULE INFORMATION.


C51 COMPILATION COMPLETE.  0 WARNING(S),  0 ERROR(S)
