C51 COMPILER V9.54   NIXIE                                                                 05/26/2023 21:53:20 PAGE 1   


C51 COMPILER V9.54, COMPILATION OF MODULE NIXIE
OBJECT MODULE PLACED IN .\Objects\Nixie.obj
COMPILER INVOKED BY: D:\software\KeilC51\C51\BIN\C51.EXE Nixie.c OPTIMIZE(8,SPEED) BROWSE DEBUG OBJECTEXTEND PRINT(.\Lis
                    -tings\Nixie.lst) TABS(2) OBJECT(.\Objects\Nixie.obj)

line level    source

   1          #include <REGX52.H>
   2          #include "Delay.h"
   3          
   4          void Nixie(unsigned char Location,unsigned char Number)
   5          {
   6   1          unsigned char Num[]={0x3F,0x06,0x5B,0x4F,0x66,0x6D,0x7D,0x07,0x7F,0x6F,0x80};
   7   1          switch (Location)
   8   1          {
   9   2          case 1:
  10   2              P2_4=1;P2_3=1;P2_2=1;
  11   2              break;
  12   2          case 2:
  13   2              P2_4=1;P2_3=1;P2_2=0;
  14   2              break;
  15   2          case 3:
  16   2              P2_4=1;P2_3=0;P2_2=1;
  17   2              break;
  18   2          case 4:
  19   2              P2_4=1;P2_3=0;P2_2=0;
  20   2              break;
  21   2          case 5:
  22   2              P2_4=0;P2_3=1;P2_2=1;
  23   2              break;
  24   2          case 6:
  25   2              P2_4=0;P2_3=1;P2_2=0;
  26   2              break;
  27   2          case 7:
  28   2              P2_4=0;P2_3=0;P2_2=1;
  29   2              break;
  30   2          case 8:
  31   2              P2_4=0;P2_3=0;P2_2=0;
  32   2              break;
  33   2          }
  34   1          P0=Num[Number];
  35   1          Delay(1);
  36   1      }


MODULE INFORMATION:   STATIC OVERLAYABLE
   CODE SIZE        =    130    ----
   CONSTANT SIZE    =     11    ----
   XDATA SIZE       =   ----    ----
   PDATA SIZE       =   ----    ----
   DATA SIZE        =   ----      13
   IDATA SIZE       =   ----    ----
   BIT SIZE         =   ----    ----
END OF MODULE INFORMATION.


C51 COMPILATION COMPLETE.  0 WARNING(S),  0 ERROR(S)
