C51 COMPILER V9.54   MAIN                                                                  05/25/2023 00:08:41 PAGE 1   


C51 COMPILER V9.54, COMPILATION OF MODULE MAIN
OBJECT MODULE PLACED IN .\Objects\main.obj
COMPILER INVOKED BY: D:\software\KeilC51\C51\BIN\C51.EXE main.c OPTIMIZE(8,SPEED) BROWSE DEBUG OBJECTEXTEND PRINT(.\List
                    -ings\main.lst) TABS(2) OBJECT(.\Objects\main.obj)

line level    source

   1          #include <REGX52.H>
   2          void Delay(unsigned int xms);
   3          void flash(unsigned int fast);
   4          
   5          void main()
   6          {
   7   1        char key;
   8   1        while(1)
   9   1        {
  10   2          while(1)
  11   2          {
  12   3            if(P3_1==0)
  13   3            {
  14   4              Delay(20);
  15   4              while(P3_1==0);
  16   4              Delay(20);
  17   4              key=1;
  18   4              break;
  19   4            }
  20   3            else if(P3_0==0)
  21   3            {
  22   4              Delay(20);
  23   4              while(P3_0==0);
  24   4              Delay(20);
  25   4              key=2;  
  26   4              break;
  27   4            }
  28   3            else if(P3_2==0)
  29   3            {
  30   4              Delay(20);
  31   4              while(P3_2==0);
  32   4              Delay(20);
  33   4              key=3;  
  34   4              break;
  35   4            }
  36   3            else if(P3_3==0)
  37   3            {
  38   4              Delay(20);
  39   4              while(P3_3==0);
  40   4              Delay(20);
  41   4              key=4;  
  42   4              break;
  43   4            }
  44   3          }
  45   2          
  46   2          switch(key)
  47   2          {
  48   3            case 1:
  49   3              while(1)
  50   3              {
  51   4                flash(500);
  52   4              }
  53   3          
  54   3            case 2:
C51 COMPILER V9.54   MAIN                                                                  05/25/2023 00:08:41 PAGE 2   

  55   3              while(1)
  56   3              {
  57   4                flash(250);
  58   4              }
  59   3          
  60   3            case 3:
  61   3              while(1)
  62   3              {
  63   4                flash(100);
  64   4              }
  65   3      
  66   3            case 4:
  67   3              while(1)
  68   3              {
  69   4                flash(50);
  70   4              }
  71   3          }
  72   2        }
  73   1      }
  74          
  75          
  76          
  77          void Delay(unsigned int xms)    //@12.000MHz
  78          {
  79   1        unsigned char i, j;
  80   1        while(xms--)
  81   1        {
  82   2          i = 2;
  83   2          j = 239;
  84   2          do
  85   2          {
  86   3            while (--j);
  87   3          } while (--i);
  88   2        }
  89   1      }
  90          
  91          void flash(unsigned int fast)
  92          {
  93   1          P2=0xFE;//1111 1110
  94   1        Delay(fast);
  95   1        P2=0xFD;//1111 1101
  96   1        Delay(fast);
  97   1        P2=0xFB;//1111 1011
  98   1        Delay(fast);
  99   1        P2=0xF7;//1111 0111
 100   1        Delay(fast);
 101   1        P2=0XEF;//1110 1111
 102   1        Delay(fast);
 103   1        P2=0xDF;//1101 1111
 104   1        Delay(fast);
 105   1        P2=0xBF;//1011 1111
 106   1        Delay(fast);
 107   1        P2=0x7F;//0111 1111
 108   1        Delay(fast);
 109   1      }


MODULE INFORMATION:   STATIC OVERLAYABLE
   CODE SIZE        =    227    ----
   CONSTANT SIZE    =   ----    ----
   XDATA SIZE       =   ----    ----
   PDATA SIZE       =   ----    ----
C51 COMPILER V9.54   MAIN                                                                  05/25/2023 00:08:41 PAGE 3   

   DATA SIZE        =   ----       1
   IDATA SIZE       =   ----    ----
   BIT SIZE         =   ----    ----
END OF MODULE INFORMATION.


C51 COMPILATION COMPLETE.  0 WARNING(S),  0 ERROR(S)
