C51 COMPILER V9.60.7.0   MAIN                                                              07/12/2023 09:28:50 PAGE 1   


C51 COMPILER V9.60.7.0, COMPILATION OF MODULE MAIN
OBJECT MODULE PLACED IN .\Objects\main.obj
COMPILER INVOKED BY: E:\software\Keil_v5\Keil_C51\C51\BIN\C51.EXE main.c OPTIMIZE(8,SPEED) BROWSE DEBUG OBJECTEXTEND PRI
                    -NT(.\Listings\main.lst) OBJECT(.\Objects\main.obj)

line level    source

   1          #include <REGX52.H>
   2          #include "Delay.h"
   3          #include "LCD1602.h"
   4          #include "Timer0.h"
   5          
   6          unsigned char Sec,Min,Hour;
   7          
   8          void main()
   9          {
  10   1              LCD_Init();
  11   1              Timer0Init();
  12   1              
  13   1              LCD_ShowString(1,1,"Clock:");
  14   1              LCD_ShowString(2,3,":");
  15   1              LCD_ShowString(2,6,":");
  16   1              
  17   1              while(1)
  18   1              {
  19   2                      LCD_ShowNum(2,1,Hour,2);
  20   2                      LCD_ShowNum(2,4,Min,2);
  21   2                      LCD_ShowNum(2,7,Sec,2);
  22   2              }
  23   1      
  24   1      }
  25          
  26          void Timer0_Routine() interrupt 1
  27          {
  28   1              static unsigned int T0Count;
  29   1              TL0 = 0x18;             //设置定时初值
  30   1              TH0 = 0xFC;             //设置定时初值
  31   1              T0Count++;
  32   1              if(T0Count>=1000)
  33   1              {
  34   2                      T0Count=0;
  35   2                      Sec++;
  36   2                      if(Sec>=60)
  37   2                      {
  38   3                              Sec=0;
  39   3                              Min++;
  40   3                              if(Min>=60)
  41   3                              {
  42   4                                      Min=0;
  43   4                                      Hour++;
  44   4                                      if (Hour>=24)
  45   4                                      {
  46   5                                              Hour=0;
  47   5                                      }
  48   4                                      
  49   4                              }
  50   3                              
  51   3                      }
  52   2              }
  53   1      }

C51 COMPILER V9.60.7.0   MAIN                                                              07/12/2023 09:28:50 PAGE 2   


MODULE INFORMATION:   STATIC OVERLAYABLE
   CODE SIZE        =    163    ----
   CONSTANT SIZE    =      9    ----
   XDATA SIZE       =   ----    ----
   PDATA SIZE       =   ----    ----
   DATA SIZE        =      5    ----
   IDATA SIZE       =   ----    ----
   BIT SIZE         =   ----    ----
END OF MODULE INFORMATION.


C51 COMPILATION COMPLETE.  0 WARNING(S),  0 ERROR(S)
